INFO-seqcluster.libs.logger(27): Run cluster
INFO-seqcluster.libs.logger(104): Checking parameters and files
INFO-seqcluster.libs.logger(123): Output dir will be: /n/scratch2/hsph_bioinformatic_core/lp113/parkinson/srna/work/seqcluster/cluster
INFO-seqcluster.libs.logger(235): Clean bam file with highly repetitive reads with low counts. sum(counts)/n_hits > 1%
INFO-seqcluster.libs.logger(237): Using /n/scratch2/hsph_bioinformatic_core/lp113/parkinson/srna/work/align/seqs_rmlw.bam file
INFO-seqcluster.libs.logger(36): Total genome with sequences: 0.000188066 
INFO-seqcluster.libs.logger(40): Parsing matrix file
INFO-seqcluster.libs.logger(43): counts after: 287210341
INFO-seqcluster.libs.logger(44): # sequences after: 178734
INFO-seqcluster.libs.logger(53): Cleaning bam file
INFO-seqcluster.libs.logger(55): counts after: 278747771
INFO-seqcluster.libs.logger(56): # sequences after: 144936
INFO-seqcluster.libs.logger(251): Parsing aligned file
INFO-seqcluster.libs.logger(252): Merging sequences
INFO-seqcluster.libs.logger(259): Creating clusters
INFO-seqcluster.libs.logger(129): 21811 Clusters read
INFO-seqcluster.libs.logger(153): Creating meta-clusters based on shared sequences: 144936
INFO-seqcluster.libs.logger(177): 666 metaclusters from 131167 sequences
INFO-seqcluster.libs.logger(270): 666 clusters found
INFO-seqcluster.libs.logger(63): counts after: 278747771
INFO-seqcluster.libs.logger(64): # sequences after: 144936
INFO-seqcluster.libs.logger(69): Solving multi-mapping events in the network of clusters
INFO-seqcluster.libs.logger(62): Number of loci: 21811
INFO-seqcluster.libs.logger(84): seqs in clusters 130287
INFO-seqcluster.libs.logger(86): Clusters too long to be analized: 0
INFO-seqcluster.libs.logger(87): Number of clusters removed because low number of reads: 146
INFO-seqcluster.libs.logger(88): Number of clusters with conflicts: 94
INFO-seqcluster.libs.logger(72): counts after: 277630365
INFO-seqcluster.libs.logger(73): # sequences after: 130287
INFO-seqcluster.libs.logger(77): Clusters up to 875
INFO-seqcluster.libs.logger(215): Creating bed file
INFO-seqcluster.libs.logger(219): Annotating clusters
INFO-seqcluster.libs.logger(223): Using /groups/bcbio/bcbio/genomes/Hsapiens/hg19/srnaseq/srna-transcripts.gtf 
INFO-seqcluster.libs.logger(86): Creating json and count matrix
INFO-seqcluster.libs.logger(89): Output file in: /n/scratch2/hsph_bioinformatic_core/lp113/parkinson/srna/work/seqcluster/cluster
INFO-seqcluster.libs.logger(97): Finished
INFO-seqcluster.libs.logger(53): It took 26.609 minutes
